<?xml version="1.0" encoding="UTF-8"?>
<!-- Generated by org.testng.reporters.JUnitXMLReporter -->
<testsuite ignored="6" hostname="DESKTOP-073QPVU" failures="1" tests="1" name="Test(failed)" time="1.179" errors="0" timestamp="2023-01-09T21:40:24 IST">
  <testcase classname="learn_testNG.GroupsDemo" name="testCase3" time="0.332">
    <failure type="java.lang.AssertionError" message="I&amp;apos;m Failing it deleberatly">
      <![CDATA[java.lang.AssertionError: I'm Failing it deleberatly
at learn_testNG.GroupsDemo.testCase3(GroupsDemo.java:28)
at java.base/java.util.ArrayList.forEach(ArrayList.java:1511)
... Removed 32 stack frames]]>
    </failure>
  </testcase> <!-- testCase3 -->
  <testcase classname="learn_testNG.GroupsDemo" name="testCase1" time="0.0">
    <ignored/>
  </testcase> <!-- testCase1 -->
  <testcase classname="learn_testNG.GroupsDemo" name="testCase2" time="0.0">
    <ignored/>
  </testcase> <!-- testCase2 -->
  <testcase classname="learn_testNG.GroupsDemo" name="testCase7" time="0.0">
    <ignored/>
  </testcase> <!-- testCase7 -->
  <testcase classname="learn_testNG.GroupsDemo" name="testCase4" time="0.0">
    <ignored/>
  </testcase> <!-- testCase4 -->
  <testcase classname="learn_testNG.GroupsDemo" name="testCase5" time="0.0">
    <ignored/>
  </testcase> <!-- testCase5 -->
  <testcase classname="learn_testNG.GroupsDemo" name="testCase6" time="0.0">
    <ignored/>
  </testcase> <!-- testCase6 -->
</testsuite> <!-- Test(failed) -->
