<?xml version="1.0" encoding="UTF-8"?>
<!-- Generated by org.testng.reporters.JUnitXMLReporter -->
<testsuite ignored="0" hostname="DESKTOP-073QPVU" failures="1" tests="7" name="Test" time="0.924" errors="0" timestamp="2023-01-09T21:23:28 IST">
  <testcase classname="learn_testNG.GroupsDemo" name="testCase1" time="0.227"/>
  <testcase classname="learn_testNG.GroupsDemo" name="testCase2" time="0.004"/>
  <testcase classname="learn_testNG.GroupsDemo" name="testCase3" time="0.02">
    <failure type="java.lang.AssertionError" message="I&amp;apos;m Failing it deleberatly">
      <![CDATA[java.lang.AssertionError: I'm Failing it deleberatly
at learn_testNG.GroupsDemo.testCase3(GroupsDemo.java:28)
at java.base/java.util.ArrayList.forEach(ArrayList.java:1511)
... Removed 32 stack frames]]>
    </failure>
  </testcase> <!-- testCase3 -->
  <testcase classname="learn_testNG.GroupsDemo" name="testCase4" time="0.01"/>
  <testcase classname="learn_testNG.GroupsDemo" name="testCase5" time="0.014"/>
  <testcase classname="learn_testNG.GroupsDemo" name="testCase6" time="0.005"/>
  <testcase classname="learn_testNG.GroupsDemo" name="testCase7" time="0.011"/>
</testsuite> <!-- Test -->
