<?xml version="1.0" encoding="UTF-8"?>
<testng-results ignored="6" total="7" passed="1" failed="0" skipped="0">
  <reporter-output>
  </reporter-output>
  <suite started-at="2023-01-09T21:42:00 IST" name="Failed suite [Failed suite [Suite]]" finished-at="2023-01-09T21:42:01 IST" duration-ms="960">
    <groups>
      <group name="groupsAtClassLevel">
        <method signature="GroupsDemo.testCase3()[pri:0, instance:learn_testNG.GroupsDemo@71329995]" name="testCase3" class="learn_testNG.GroupsDemo"/>
      </group> <!-- groupsAtClassLevel -->
      <group name="linux.sanity">
        <method signature="GroupsDemo.testCase3()[pri:0, instance:learn_testNG.GroupsDemo@71329995]" name="testCase3" class="learn_testNG.GroupsDemo"/>
      </group> <!-- linux.sanity -->
    </groups>
    <test started-at="2023-01-09T21:42:00 IST" name="Test(failed)(failed)" finished-at="2023-01-09T21:42:01 IST" duration-ms="960">
      <class name="learn_testNG.GroupsDemo">
        <test-method signature="testCase3()[pri:0, instance:learn_testNG.GroupsDemo@71329995]" started-at="2023-01-09T21:42:00 IST" name="testCase3" finished-at="2023-01-09T21:42:01 IST" duration-ms="423" status="PASS">
          <reporter-output>
          </reporter-output>
        </test-method> <!-- testCase3 -->
      </class> <!-- learn_testNG.GroupsDemo -->
    </test> <!-- Test(failed)(failed) -->
  </suite> <!-- Failed suite [Failed suite [Suite]] -->
</testng-results>
