<?xml version="1.0" encoding="UTF-8"?>
<!-- Generated by org.testng.reporters.JUnitXMLReporter -->
<testsuite ignored="6" hostname="DESKTOP-073QPVU" failures="0" tests="1" name="Test(failed)(failed)" time="0.96" errors="0" timestamp="2023-01-09T21:42:01 IST">
  <testcase classname="learn_testNG.GroupsDemo" name="testCase3" time="0.423"/>
  <testcase classname="learn_testNG.GroupsDemo" name="testCase1" time="0.0">
    <ignored/>
  </testcase> <!-- testCase1 -->
  <testcase classname="learn_testNG.GroupsDemo" name="testCase2" time="0.0">
    <ignored/>
  </testcase> <!-- testCase2 -->
  <testcase classname="learn_testNG.GroupsDemo" name="testCase7" time="0.0">
    <ignored/>
  </testcase> <!-- testCase7 -->
  <testcase classname="learn_testNG.GroupsDemo" name="testCase4" time="0.0">
    <ignored/>
  </testcase> <!-- testCase4 -->
  <testcase classname="learn_testNG.GroupsDemo" name="testCase5" time="0.0">
    <ignored/>
  </testcase> <!-- testCase5 -->
  <testcase classname="learn_testNG.GroupsDemo" name="testCase6" time="0.0">
    <ignored/>
  </testcase> <!-- testCase6 -->
</testsuite> <!-- Test(failed)(failed) -->
